#! /usr/bin/vvp
:ivl_version "10.3 (stable)";
:ivl_delay_selection "TYPICAL";
:vpi_time_precision - 12;
:vpi_module "system";
:vpi_module "vhdl_sys";
:vpi_module "v2005_math";
:vpi_module "va_math";
S_0x55f590722890 .scope module, "test" "test" 2 4;
 .timescale -9 -12;
v0x55f590736460_0 .var "a", 0 0;
v0x55f590736520_0 .var "b", 0 0;
v0x55f5907365c0_0 .var "cin", 0 0;
v0x55f590736690_0 .net "cout", 0 0, L_0x55f590736c00;  1 drivers
v0x55f590736760_0 .net "s", 0 0, L_0x55f590736a00;  1 drivers
S_0x55f590722a10 .scope module, "uut" "full_adder" 2 9, 3 6 0, S_0x55f590722890;
 .timescale 0 0;
    .port_info 0 /INPUT 1 "a"
    .port_info 1 /INPUT 1 "b"
    .port_info 2 /INPUT 1 "cin"
    .port_info 3 /OUTPUT 1 "s"
    .port_info 4 /OUTPUT 1 "cout"
L_0x55f590736850 .functor XOR 1, v0x55f590736460_0, v0x55f590736520_0, C4<0>, C4<0>;
L_0x55f590736990 .functor AND 1, v0x55f590736460_0, v0x55f590736520_0, C4<1>, C4<1>;
L_0x55f590736a00 .functor XOR 1, L_0x55f590736850, v0x55f5907365c0_0, C4<0>, C4<0>;
L_0x55f590736b60 .functor AND 1, L_0x55f590736850, v0x55f5907365c0_0, C4<1>, C4<1>;
L_0x55f590736c00 .functor OR 1, L_0x55f590736990, L_0x55f590736b60, C4<0>, C4<0>;
v0x55f5906ec030_0 .net *"_s6", 0 0, L_0x55f590736b60;  1 drivers
v0x55f590735e50_0 .net "a", 0 0, v0x55f590736460_0;  1 drivers
v0x55f590735f10_0 .net "b", 0 0, v0x55f590736520_0;  1 drivers
v0x55f590735fb0_0 .net "cin", 0 0, v0x55f5907365c0_0;  1 drivers
v0x55f590736070_0 .net "cout", 0 0, L_0x55f590736c00;  alias, 1 drivers
v0x55f590736180_0 .net "g", 0 0, L_0x55f590736990;  1 drivers
v0x55f590736240_0 .net "p", 0 0, L_0x55f590736850;  1 drivers
v0x55f590736300_0 .net "s", 0 0, L_0x55f590736a00;  alias, 1 drivers
    .scope S_0x55f590722890;
T_0 ;
    %pushi/vec4 0, 0, 1;
    %store/vec4 v0x55f590736460_0, 0, 1;
    %pushi/vec4 0, 0, 1;
    %store/vec4 v0x55f590736520_0, 0, 1;
    %pushi/vec4 0, 0, 1;
    %store/vec4 v0x55f5907365c0_0, 0, 1;
    %vpi_call 2 16 "$dumpfile", "full_adder_tb.vcd" {0 0 0};
    %vpi_call 2 17 "$dumpvars", 32'sb00000000000000000000000000000000, S_0x55f590722890 {0 0 0};
    %delay 10000, 0;
    %pushi/vec4 1, 0, 1;
    %store/vec4 v0x55f5907365c0_0, 0, 1;
    %delay 10000, 0;
    %pushi/vec4 1, 0, 1;
    %store/vec4 v0x55f590736520_0, 0, 1;
    %pushi/vec4 0, 0, 1;
    %store/vec4 v0x55f5907365c0_0, 0, 1;
    %delay 10000, 0;
    %pushi/vec4 1, 0, 1;
    %store/vec4 v0x55f5907365c0_0, 0, 1;
    %delay 10000, 0;
    %pushi/vec4 1, 0, 1;
    %store/vec4 v0x55f590736460_0, 0, 1;
    %pushi/vec4 0, 0, 1;
    %store/vec4 v0x55f590736520_0, 0, 1;
    %pushi/vec4 0, 0, 1;
    %store/vec4 v0x55f5907365c0_0, 0, 1;
    %delay 10000, 0;
    %pushi/vec4 1, 0, 1;
    %store/vec4 v0x55f5907365c0_0, 0, 1;
    %delay 10000, 0;
    %pushi/vec4 1, 0, 1;
    %store/vec4 v0x55f590736520_0, 0, 1;
    %pushi/vec4 0, 0, 1;
    %store/vec4 v0x55f5907365c0_0, 0, 1;
    %delay 10000, 0;
    %pushi/vec4 1, 0, 1;
    %store/vec4 v0x55f5907365c0_0, 0, 1;
    %delay 20000, 0;
    %vpi_call 2 34 "$finish" {0 0 0};
    %end;
    .thread T_0;
# The file index is used to find the file name in the following table.
:file_names 4;
    "N/A";
    "<interactive>";
    "full_adder_tb.v";
    "full_adder.v";
