#! /usr/bin/vvp
:ivl_version "10.3 (stable)";
:ivl_delay_selection "TYPICAL";
:vpi_time_precision - 12;
:vpi_module "system";
:vpi_module "vhdl_sys";
:vpi_module "v2005_math";
:vpi_module "va_math";
S_0x55def289aa20 .scope module, "frequencydiv" "frequencydiv" 2 2;
 .timescale -8 -12;
v0x55def28ad9d0_0 .var "clk", 0 0;
v0x55def28ada70_0 .net "out_clk", 3 0, v0x55def28ad690_0;  1 drivers
v0x55def28adb40_0 .var "rst", 0 0;
S_0x55def289aba0 .scope module, "freq_tb" "frequency_divider" 2 7, 3 1 0, S_0x55def289aa20;
 .timescale 0 0;
    .port_info 0 /INPUT 1 "clk"
    .port_info 1 /INPUT 1 "rst_btn"
    .port_info 2 /OUTPUT 4 "out_clk"
P_0x55def289ad70 .param/l "max_count" 1 3 12, C4<00000000000000000000000000000000>;
L_0x55def2898c20 .functor NOT 1, v0x55def28adb40_0, C4<0>, C4<0>, C4<0>;
v0x55def28782f0_0 .net "clk", 0 0, v0x55def28ad9d0_0;  1 drivers
v0x55def28ad5b0_0 .var "count", 31 0;
v0x55def28ad690_0 .var "out_clk", 3 0;
v0x55def28ad780_0 .net "rst", 0 0, L_0x55def2898c20;  1 drivers
v0x55def28ad840_0 .net "rst_btn", 0 0, v0x55def28adb40_0;  1 drivers
E_0x55def2863650 .event posedge, v0x55def28ad780_0, v0x55def28782f0_0;
    .scope S_0x55def289aba0;
T_0 ;
    %wait E_0x55def2863650;
    %load/vec4 v0x55def28ad780_0;
    %flag_set/vec4 8;
    %jmp/0xz  T_0.0, 8;
    %pushi/vec4 0, 0, 4;
    %assign/vec4 v0x55def28ad690_0, 0;
    %pushi/vec4 0, 0, 32;
    %assign/vec4 v0x55def28ad5b0_0, 0;
    %jmp T_0.1;
T_0.0 ;
    %load/vec4 v0x55def28ad5b0_0;
    %cmpi/e 0, 0, 32;
    %jmp/0xz  T_0.2, 4;
    %pushi/vec4 0, 0, 32;
    %assign/vec4 v0x55def28ad5b0_0, 0;
    %load/vec4 v0x55def28ad690_0;
    %addi 1, 0, 4;
    %assign/vec4 v0x55def28ad690_0, 0;
    %jmp T_0.3;
T_0.2 ;
    %load/vec4 v0x55def28ad5b0_0;
    %addi 1, 0, 32;
    %assign/vec4 v0x55def28ad5b0_0, 0;
T_0.3 ;
T_0.1 ;
    %jmp T_0;
    .thread T_0;
    .scope S_0x55def289aa20;
T_1 ;
    %pushi/vec4 0, 0, 1;
    %store/vec4 v0x55def28ad9d0_0, 0, 1;
    %end;
    .thread T_1;
    .scope S_0x55def289aa20;
T_2 ;
    %delay 10000, 0;
    %load/vec4 v0x55def28ad9d0_0;
    %inv;
    %store/vec4 v0x55def28ad9d0_0, 0, 1;
    %jmp T_2;
    .thread T_2;
    .scope S_0x55def289aa20;
T_3 ;
    %vpi_call 2 16 "$monitor", $time, "clk = %b, rst = %b, out_clk = %b", v0x55def28ad9d0_0, v0x55def28adb40_0, v0x55def28ada70_0 {0 0 0};
    %pushi/vec4 0, 0, 1;
    %store/vec4 v0x55def28adb40_0, 0, 1;
    %delay 10000, 0;
    %pushi/vec4 1, 0, 1;
    %store/vec4 v0x55def28adb40_0, 0, 1;
    %delay 310000, 0;
    %vpi_call 2 20 "$finish" {0 0 0};
    %end;
    .thread T_3;
    .scope S_0x55def289aa20;
T_4 ;
    %vpi_call 2 24 "$dumpfile", "frequencydiv.vcd" {0 0 0};
    %vpi_call 2 25 "$dumpvars", 32'sb00000000000000000000000000000000, S_0x55def289aa20 {0 0 0};
    %end;
    .thread T_4;
# The file index is used to find the file name in the following table.
:file_names 4;
    "N/A";
    "<interactive>";
    "frequencydiv_tb.v";
    "frequency_divider.v";
